SF:lib\models\app_state.dart
DA:17,2
DA:19,3
DA:20,3
LF:3
LH:3
end_of_record
SF:lib\models\device_mode_state.dart
DA:13,9
DA:15,2
DA:16,8
LF:3
LH:3
end_of_record
SF:lib\models\session_state.dart
DA:14,10
DA:16,4
DA:18,0
DA:19,0
DA:22,0
DA:23,0
DA:24,0
DA:25,0
DA:26,0
DA:27,0
DA:30,3
LF:11
LH:3
end_of_record
SF:lib\widgets\add_duration_chip.dart
DA:6,1
DA:8,1
DA:10,1
DA:11,1
DA:12,1
DA:14,1
DA:16,1
DA:17,1
LF:8
LH:8
end_of_record
SF:lib\widgets\clear_chip.dart
DA:6,1
DA:8,1
DA:10,1
DA:11,1
DA:12,1
DA:14,1
DA:16,1
DA:17,1
LF:8
LH:8
end_of_record
SF:lib\widgets\duration_chip.dart
DA:8,1
DA:15,1
DA:17,1
DA:18,1
DA:19,1
DA:21,1
DA:22,1
DA:23,1
DA:24,1
DA:26,1
DA:27,1
DA:28,1
DA:29,1
LF:13
LH:13
end_of_record
